# JRE version: OpenJDK Runtime Environment (8.0_152-b02) (build 1.8.0_152-release-1024-b02)
# Java VM: OpenJDK 64-Bit Server VM (25.152-b02 mixed mode windows-amd64 compressed oops)
Heap:
 PSYoungGen      total 345088K, used 108491K [0x00000000e0000000, 0x00000000f6b00000, 0x0000000100000000)
  eden space 320512K, 26% used [0x00000000e0000000,0x00000000e51f35a0,0x00000000f3900000)
  from space 24576K, 99% used [0x00000000f3b00000,0x00000000f52ff860,0x00000000f5300000)
  to   space 17408K, 0% used [0x00000000f5a00000,0x00000000f5a00000,0x00000000f6b00000)
 ParOldGen       total 104960K, used 53087K [0x00000000a0000000, 0x00000000a6680000, 0x00000000e0000000)
  object space 104960K, 50% used [0x00000000a0000000,0x00000000a33d7da0,0x00000000a6680000)
 Metaspace       used 76289K, capacity 79620K, committed 79792K, reserved 1118208K
  class space    used 9911K, capacity 10645K, committed 10672K, reserved 1048576K
GC Heap History (10 events):
Event: 61.689 GC heap before
{Heap before GC invocations=16 (full 3):
 PSYoungGen      total 224768K, used 199168K [0x00000000e0000000, 0x00000000ef900000, 0x0000000100000000)
  eden space 199168K, 100% used [0x00000000e0000000,0x00000000ec280000,0x00000000ec280000)
  from space 25600K, 0% used [0x00000000edc80000,0x00000000edc80000,0x00000000ef580000)
  to   space 26624K, 0% used [0x00000000ec280000,0x00000000ec280000,0x00000000edc80000)
 ParOldGen       total 104960K, used 43944K [0x00000000a0000000, 0x00000000a6680000, 0x00000000e0000000)
  object space 104960K, 41% used [0x00000000a0000000,0x00000000a2aea180,0x00000000a6680000)
 Metaspace       used 63118K, capacity 65694K, committed 65968K, reserved 1105920K
  class space    used 8445K, capacity 9068K, committed 9136K, reserved 1048576K
Event: 61.708 GC heap after
Heap after GC invocations=16 (full 3):
 PSYoungGen      total 225792K, used 11654K [0x00000000e0000000, 0x00000000f1d00000, 0x0000000100000000)
  eden space 199168K, 0% used [0x00000000e0000000,0x00000000e0000000,0x00000000ec280000)
  from space 26624K, 43% used [0x00000000ec280000,0x00000000ecde1b28,0x00000000edc80000)
  to   space 25088K, 0% used [0x00000000f0480000,0x00000000f0480000,0x00000000f1d00000)
 ParOldGen       total 104960K, used 43952K [0x00000000a0000000, 0x00000000a6680000, 0x00000000e0000000)
  object space 104960K, 41% used [0x00000000a0000000,0x00000000a2aec180,0x00000000a6680000)
 Metaspace       used 63118K, capacity 65694K, committed 65968K, reserved 1105920K
  class space    used 8445K, capacity 9068K, committed 9136K, reserved 1048576K
}
Event: 65.433 GC heap before
{Heap before GC invocations=17 (full 3):
 PSYoungGen      total 225792K, used 210428K [0x00000000e0000000, 0x00000000f1d00000, 0x0000000100000000)
  eden space 199168K, 99% used [0x00000000e0000000,0x00000000ec21d688,0x00000000ec280000)
  from space 26624K, 43% used [0x00000000ec280000,0x00000000ecde1b28,0x00000000edc80000)
  to   space 25088K, 0% used [0x00000000f0480000,0x00000000f0480000,0x00000000f1d00000)
 ParOldGen       total 104960K, used 43952K [0x00000000a0000000, 0x00000000a6680000, 0x00000000e0000000)
  object space 104960K, 41% used [0x00000000a0000000,0x00000000a2aec180,0x00000000a6680000)
 Metaspace       used 65039K, capacity 67772K, committed 68016K, reserved 1107968K
  class space    used 8692K, capacity 9329K, committed 9392K, reserved 1048576K
Event: 65.452 GC heap after
Heap after GC invocations=17 (full 3):
 PSYoungGen      total 257536K, used 15132K [0x00000000e0000000, 0x00000000f1880000, 0x0000000100000000)
  eden space 237056K, 0% used [0x00000000e0000000,0x00000000e0000000,0x00000000ee780000)
  from space 20480K, 73% used [0x00000000f0480000,0x00000000f1347300,0x00000000f1880000)
  to   space 25088K, 0% used [0x00000000ee780000,0x00000000ee780000,0x00000000f0000000)
 ParOldGen       total 104960K, used 43960K [0x00000000a0000000, 0x00000000a6680000, 0x00000000e0000000)
  object space 104960K, 41% used [0x00000000a0000000,0x00000000a2aee180,0x00000000a6680000)
 Metaspace       used 65039K, capacity 67772K, committed 68016K, reserved 1107968K
  class space    used 8692K, capacity 9329K, committed 9392K, reserved 1048576K
}
Event: 65.520 GC heap before
{Heap before GC invocations=18 (full 3):
 PSYoungGen      total 257536K, used 251543K [0x00000000e0000000, 0x00000000f1880000, 0x0000000100000000)
  eden space 237056K, 99% used [0x00000000e0000000,0x00000000ee6dec08,0x00000000ee780000)
  from space 20480K, 73% used [0x00000000f0480000,0x00000000f1347300,0x00000000f1880000)
  to   space 25088K, 0% used [0x00000000ee780000,0x00000000ee780000,0x00000000f0000000)
 ParOldGen       total 104960K, used 43960K [0x00000000a0000000, 0x00000000a6680000, 0x00000000e0000000)
  object space 104960K, 41% used [0x00000000a0000000,0x00000000a2aee180,0x00000000a6680000)
 Metaspace       used 65053K, capacity 67772K, committed 68016K, reserved 1107968K
  class space    used 8692K, capacity 9329K, committed 9392K, reserved 1048576K
Event: 65.532 GC heap after
Heap after GC invocations=18 (full 3):
 PSYoungGen      total 262144K, used 9959K [0x00000000e0000000, 0x00000000f7180000, 0x0000000100000000)
  eden space 237056K, 0% used [0x00000000e0000000,0x00000000e0000000,0x00000000ee780000)
  from space 25088K, 39% used [0x00000000ee780000,0x00000000ef139d10,0x00000000f0000000)
  to   space 24064K, 0% used [0x00000000f5a00000,0x00000000f5a00000,0x00000000f7180000)
 ParOldGen       total 104960K, used 43968K [0x00000000a0000000, 0x00000000a6680000, 0x00000000e0000000)
  object space 104960K, 41% used [0x00000000a0000000,0x00000000a2af0180,0x00000000a6680000)
 Metaspace       used 65053K, capacity 67772K, committed 68016K, reserved 1107968K
  class space    used 8692K, capacity 9329K, committed 9392K, reserved 1048576K
}
Event: 526.617 GC heap before
{Heap before GC invocations=19 (full 3):
 PSYoungGen      total 262144K, used 247015K [0x00000000e0000000, 0x00000000f7180000, 0x0000000100000000)
  eden space 237056K, 100% used [0x00000000e0000000,0x00000000ee780000,0x00000000ee780000)
  from space 25088K, 39% used [0x00000000ee780000,0x00000000ef139d10,0x00000000f0000000)
  to   space 24064K, 0% used [0x00000000f5a00000,0x00000000f5a00000,0x00000000f7180000)
 ParOldGen       total 104960K, used 43968K [0x00000000a0000000, 0x00000000a6680000, 0x00000000e0000000)
  object space 104960K, 41% used [0x00000000a0000000,0x00000000a2af0180,0x00000000a6680000)
 Metaspace       used 69424K, capacity 72514K, committed 72752K, reserved 1112064K
  class space    used 9195K, capacity 9954K, committed 10032K, reserved 1048576K
Event: 526.640 GC heap after
Heap after GC invocations=19 (full 3):
 PSYoungGen      total 337920K, used 16898K [0x00000000e0000000, 0x00000000f6b00000, 0x0000000100000000)
  eden space 320512K, 0% used [0x00000000e0000000,0x00000000e0000000,0x00000000f3900000)
  from space 17408K, 97% used [0x00000000f5a00000,0x00000000f6a80970,0x00000000f6b00000)
  to   space 24576K, 0% used [0x00000000f3b00000,0x00000000f3b00000,0x00000000f5300000)
 ParOldGen       total 104960K, used 43976K [0x00000000a0000000, 0x00000000a6680000, 0x00000000e0000000)
  object space 104960K, 41% used [0x00000000a0000000,0x00000000a2af2180,0x00000000a6680000)
 Metaspace       used 69424K, capacity 72514K, committed 72752K, reserved 1112064K
  class space    used 9195K, capacity 9954K, committed 10032K, reserved 1048576K
}
Event: 541.291 GC heap before
{Heap before GC invocations=20 (full 3):
 PSYoungGen      total 337920K, used 337410K [0x00000000e0000000, 0x00000000f6b00000, 0x0000000100000000)
  eden space 320512K, 100% used [0x00000000e0000000,0x00000000f3900000,0x00000000f3900000)
  from space 17408K, 97% used [0x00000000f5a00000,0x00000000f6a80970,0x00000000f6b00000)
  to   space 24576K, 0% used [0x00000000f3b00000,0x00000000f3b00000,0x00000000f5300000)
 ParOldGen       total 104960K, used 43976K [0x00000000a0000000, 0x00000000a6680000, 0x00000000e0000000)
  object space 104960K, 41% used [0x00000000a0000000,0x00000000a2af2180,0x00000000a6680000)
 Metaspace       used 76090K, capacity 79396K, committed 79536K, reserved 1118208K
  class space    used 9903K, capacity 10641K, committed 10672K, reserved 1048576K
Event: 541.341 GC heap after
Heap after GC invocations=20 (full 3):
 PSYoungGen      total 345088K, used 24574K [0x00000000e0000000, 0x00000000f6b00000, 0x0000000100000000)
  eden space 320512K, 0% used [0x00000000e0000000,0x00000000e0000000,0x00000000f3900000)
  from space 24576K, 99% used [0x00000000f3b00000,0x00000000f52ff860,0x00000000f5300000)
  to   space 17408K, 0% used [0x00000000f5a00000,0x00000000f5a00000,0x00000000f6b00000)
 ParOldGen       total 104960K, used 53087K [0x00000000a0000000, 0x00000000a6680000, 0x00000000e0000000)
  object space 104960K, 50% used [0x00000000a0000000,0x00000000a33d7da0,0x00000000a6680000)
 Metaspace       used 76090K, capacity 79396K, committed 79536K, reserved 1118208K
  class space    used 9903K, capacity 10641K, committed 10672K, reserved 1048576K
}

